{"name":"Runs Cucumber Scenarios","status":"skipped","statusDetails":{"known":false,"muted":false,"flaky":false,"message":"io.cucumber.cucumberexpressions.CucumberExpressionException: You cannot use anchors (^ or $) in Cucumber Expressions. Please remove them from ^should display error {string}$","trace":"cucumber.runtime.CucumberException: io.cucumber.cucumberexpressions.CucumberExpressionException: You cannot use anchors (^ or $) in Cucumber Expressions. Please remove them from ^should display error {string}$\r\n\tat cucumber.runtime.java.JavaBackend.addStepDefinition(JavaBackend.java:153)\r\n\tat cucumber.runtime.java.MethodScanner.scan(MethodScanner.java:65)\r\n\tat cucumber.runtime.java.MethodScanner.scan(MethodScanner.java:42)\r\n\tat cucumber.runtime.java.JavaBackend.loadGlue(JavaBackend.java:82)\r\n\tat cucumber.runner.Runner.<init>(Runner.java:28)\r\n\tat cucumber.runner.ThreadLocalRunnerSupplier.createRunner(ThreadLocalRunnerSupplier.java:44)\r\n\tat cucumber.runner.ThreadLocalRunnerSupplier.access$000(ThreadLocalRunnerSupplier.java:15)\r\n\tat cucumber.runner.ThreadLocalRunnerSupplier$1.initialValue(ThreadLocalRunnerSupplier.java:24)\r\n\tat cucumber.runner.ThreadLocalRunnerSupplier$1.initialValue(ThreadLocalRunnerSupplier.java:21)\r\n\tat java.lang.ThreadLocal.setInitialValue(ThreadLocal.java:180)\r\n\tat java.lang.ThreadLocal.get(ThreadLocal.java:170)\r\n\tat cucumber.runner.ThreadLocalRunnerSupplier.get(ThreadLocalRunnerSupplier.java:40)\r\n\tat cucumber.api.testng.TestNGCucumberRunner.runScenario(TestNGCucumberRunner.java:66)\r\n\tat cucumber.api.testng.AbstractTestNGCucumberTests.runScenario(AbstractTestNGCucumberTests.java:22)\r\n\tat sun.reflect.NativeMethodAccessorImpl.invoke0(Native Method)\r\n\tat sun.reflect.NativeMethodAccessorImpl.invoke(NativeMethodAccessorImpl.java:62)\r\n\tat sun.reflect.DelegatingMethodAccessorImpl.invoke(DelegatingMethodAccessorImpl.java:43)\r\n\tat java.lang.reflect.Method.invoke(Method.java:498)\r\n\tat org.testng.internal.MethodInvocationHelper.invokeMethod(MethodInvocationHelper.java:124)\r\n\tat org.testng.internal.Invoker.invokeMethod(Invoker.java:580)\r\n\tat org.testng.internal.Invoker.retryFailed(Invoker.java:838)\r\n\tat org.testng.internal.Invoker.invokeTestMethods(Invoker.java:1009)\r\n\tat org.testng.internal.TestMethodWorker.invokeTestMethods(TestMethodWorker.java:125)\r\n\tat org.testng.internal.TestMethodWorker.run(TestMethodWorker.java:109)\r\n\tat org.testng.TestRunner.privateRun(TestRunner.java:648)\r\n\tat org.testng.TestRunner.run(TestRunner.java:505)\r\n\tat org.testng.SuiteRunner.runTest(SuiteRunner.java:455)\r\n\tat org.testng.SuiteRunner.runSequentially(SuiteRunner.java:450)\r\n\tat org.testng.SuiteRunner.privateRun(SuiteRunner.java:415)\r\n\tat org.testng.SuiteRunner.run(SuiteRunner.java:364)\r\n\tat org.testng.SuiteRunnerWorker.runSuite(SuiteRunnerWorker.java:52)\r\n\tat org.testng.SuiteRunnerWorker.run(SuiteRunnerWorker.java:84)\r\n\tat org.testng.TestNG.runSuitesSequentially(TestNG.java:1208)\r\n\tat org.testng.TestNG.runSuitesLocally(TestNG.java:1137)\r\n\tat org.testng.TestNG.runSuites(TestNG.java:1049)\r\n\tat org.testng.TestNG.run(TestNG.java:1017)\r\n\tat org.testng.remote.AbstractRemoteTestNG.run(AbstractRemoteTestNG.java:114)\r\n\tat org.testng.remote.RemoteTestNG.initAndRun(RemoteTestNG.java:251)\r\n\tat org.testng.remote.RemoteTestNG.main(RemoteTestNG.java:77)\r\nCaused by: io.cucumber.cucumberexpressions.CucumberExpressionException: You cannot use anchors (^ or $) in Cucumber Expressions. Please remove them from ^should display error {string}$\r\n\tat io.cucumber.cucumberexpressions.ExpressionFactory.createRegularExpressionWithAnchors(ExpressionFactory.java:53)\r\n\tat io.cucumber.cucumberexpressions.ExpressionFactory.createExpression(ExpressionFactory.java:27)\r\n\tat io.cucumber.stepexpression.StepExpressionFactory.createExpression(StepExpressionFactory.java:63)\r\n\tat io.cucumber.stepexpression.StepExpressionFactory.createExpression(StepExpressionFactory.java:54)\r\n\tat cucumber.runtime.java.JavaStepDefinition.createExpression(JavaStepDefinition.java:44)\r\n\tat cucumber.runtime.java.JavaStepDefinition.<init>(JavaStepDefinition.java:36)\r\n\tat cucumber.runtime.java.JavaBackend.addStepDefinition(JavaBackend.java:146)\r\n\t... 38 more\r\nCaused by: java.util.regex.PatternSyntaxException: Illegal repetition near index 21\r\n^should display error {string}$\r\n                     ^\r\n\tat java.util.regex.Pattern.error(Pattern.java:1957)\r\n\tat java.util.regex.Pattern.closure(Pattern.java:3159)\r\n\tat java.util.regex.Pattern.sequence(Pattern.java:2136)\r\n\tat java.util.regex.Pattern.expr(Pattern.java:1998)\r\n\tat java.util.regex.Pattern.compile(Pattern.java:1698)\r\n\tat java.util.regex.Pattern.<init>(Pattern.java:1351)\r\n\tat java.util.regex.Pattern.compile(Pattern.java:1028)\r\n\tat io.cucumber.cucumberexpressions.ExpressionFactory.createRegularExpressionWithAnchors(ExpressionFactory.java:50)\r\n\t... 44 more\r\n"},"stage":"finished","steps":[],"attachments":[],"parameters":[{"name":"arg0","value":"\"Success\""},{"name":"arg1","value":"\"Web Login\""}],"start":1550281230168,"stop":1550281230221,"uuid":"789e6095-8b8a-4b94-a669-b5772796b593","historyId":"185f982160f0c4a45b00e20d10a36a20","fullName":"cucumber.api.testng.AbstractTestNGCucumberTests.runScenario","labels":[{"name":"package","value":"com.frank.cucumberframework.testrunners.WebTestRunner"},{"name":"testClass","value":"com.frank.cucumberframework.testrunners.WebTestRunner"},{"name":"testMethod","value":"runScenario"},{"name":"parentSuite","value":"Suite"},{"name":"suite","value":"ParallelThread1"},{"name":"subSuite","value":"com.frank.cucumberframework.testrunners.WebTestRunner"},{"name":"host","value":"LiuYongjian"},{"name":"thread","value":"37496@LiuYongjian.main(1)"},{"name":"framework","value":"testng"},{"name":"language","value":"java"}],"links":[]}