<?xml version="1.0" encoding="UTF-8"?>
<testng-results skipped="0" failed="1" ignored="0" total="1" passed="0">
  <reporter-output>
  </reporter-output>
  <suite name="Default suite" duration-ms="100673" started-at="2019-02-20T07:35:51Z" finished-at="2019-02-20T07:37:31Z">
    <groups>
      <group name="cucumber">
        <method signature="AbstractTestNGCucumberTests.runScenario(cucumber.api.testng.PickleEventWrapper, cucumber.api.testng.CucumberFeatureWrapper)[pri:0, instance:com.frank.cucumberframework.testrunners.AppTestRunner@6b19b79]" name="runScenario" class="cucumber.api.testng.AbstractTestNGCucumberTests"/>
      </group> <!-- cucumber -->
    </groups>
    <test name="Default test" duration-ms="100673" started-at="2019-02-20T07:35:51Z" finished-at="2019-02-20T07:37:31Z">
      <class name="com.frank.cucumberframework.testrunners.AppTestRunner">
        <test-method status="PASS" signature="setUpClass()[pri:0, instance:com.frank.cucumberframework.testrunners.AppTestRunner@6b19b79]" name="setUpClass" is-config="true" duration-ms="760" started-at="2019-02-20T07:35:51Z" finished-at="2019-02-20T07:35:52Z">
          <reporter-output>
          </reporter-output>
        </test-method> <!-- setUpClass -->
        <test-method status="FAIL" signature="runScenario(cucumber.api.testng.PickleEventWrapper, cucumber.api.testng.CucumberFeatureWrapper)[pri:0, instance:com.frank.cucumberframework.testrunners.AppTestRunner@6b19b79]" name="runScenario" duration-ms="99027" started-at="2019-02-20T07:35:52Z" description="Runs Cucumber Scenarios" data-provider="scenarios" finished-at="2019-02-20T07:37:31Z">
          <params>
            <param index="0">
              <value>
                <![CDATA["Success"]]>
              </value>
            </param>
            <param index="1">
              <value>
                <![CDATA["Login: As a enduser of baidu search service, I can search keyword in chrome app"]]>
              </value>
            </param>
          </params>
          <exception class="java.lang.AssertionError">
            <message>
              <![CDATA[expected [true] but found [false]]]>
            </message>
            <full-stacktrace>
              <![CDATA[java.lang.AssertionError: expected [true] but found [false]
at org.testng.Assert.fail(Assert.java:96)
at org.testng.Assert.failNotEquals(Assert.java:776)
at org.testng.Assert.assertTrue(Assert.java:44)
at org.testng.Assert.assertTrue(Assert.java:54)
at com.frank.cucumberframework.stepdefinition.app.SearchResultScreenSteps.isSearchResultPageShown(SearchResultScreenSteps.java:31)
at âœ½.search result of "test" is shown in chrome app(src/test/resources/features/mobile_search.feature:9)
]]>
            </full-stacktrace>
          </exception> <!-- java.lang.AssertionError -->
          <reporter-output>
          </reporter-output>
        </test-method> <!-- runScenario -->
        <test-method status="PASS" signature="tearDownClass()[pri:0, instance:com.frank.cucumberframework.testrunners.AppTestRunner@6b19b79]" name="tearDownClass" is-config="true" duration-ms="136" started-at="2019-02-20T07:37:31Z" finished-at="2019-02-20T07:37:31Z">
          <reporter-output>
          </reporter-output>
        </test-method> <!-- tearDownClass -->
      </class> <!-- com.frank.cucumberframework.testrunners.AppTestRunner -->
    </test> <!-- Default test -->
  </suite> <!-- Default suite -->
</testng-results>
