<?xml version="1.0" encoding="UTF-8"?>
<!-- Generated by org.testng.reporters.JUnitReportReporter -->
<testsuite skipped="0" hostname="LiuYongjian" name="com.frank.cucumberframework.testrunners.AppTestRunner" tests="1" failures="1" timestamp="20 二月 2019 07:37:32 GMT" time="99.027" errors="0">
  <testcase name="runScenario" time="99.027" classname="com.frank.cucumberframework.testrunners.AppTestRunner">
    <failure type="java.lang.AssertionError" message="expected [true] but found [false]">
      <![CDATA[java.lang.AssertionError: expected [true] but found [false]
at org.testng.Assert.fail(Assert.java:96)
at org.testng.Assert.failNotEquals(Assert.java:776)
at org.testng.Assert.assertTrue(Assert.java:44)
at org.testng.Assert.assertTrue(Assert.java:54)
at com.frank.cucumberframework.stepdefinition.app.SearchResultScreenSteps.isSearchResultPageShown(SearchResultScreenSteps.java:31)
at ✽.search result of "test" is shown in chrome app(src/test/resources/features/mobile_search.feature:9)
]]>
    </failure>
  </testcase> <!-- runScenario -->
</testsuite> <!-- com.frank.cucumberframework.testrunners.AppTestRunner -->
